# JRE version: OpenJDK Runtime Environment Temurin-17.0.7+7 (17.0.7+7) (build 17.0.7+7)
# Java VM: OpenJDK 64-Bit Server VM Temurin-17.0.7+7 (17.0.7+7, mixed mode, sharing, tiered, compressed oops, compressed class ptrs, g1 gc, windows-amd64)
GC Precious Log:
 CPUs: 16 total, 16 available
 Memory: 16310M
 Large Page Support: Disabled
 NUMA Support: Disabled
 Compressed Oops: Enabled (Zero based)
 Heap Region Size: 2M
 Heap Min Capacity: 8M
 Heap Initial Capacity: 256M
 Heap Max Capacity: 3G
 Pre-touch: Disabled
 Parallel Workers: 13
 Concurrent Workers: 3
 Concurrent Refinement Workers: 13
 Periodic GC: Disabled
Heap:
 garbage-first heap   total 847872K, used 532115K [0x0000000740000000, 0x0000000800000000)
  region size 2048K, 114 young (233472K), 12 survivors (24576K)
 Metaspace       used 79193K, committed 80000K, reserved 1179648K
  class space    used 10545K, committed 10944K, reserved 1048576K
GC Heap History (20 events):
Event: 7.672 GC heap before
{Heap before GC invocations=31 (full 0):
 garbage-first heap   total 143360K, used 60515K [0x0000000740000000, 0x0000000800000000)
  region size 2048K, 3 young (6144K), 2 survivors (4096K)
 Metaspace       used 60957K, committed 61568K, reserved 1114112K
  class space    used 8339K, committed 8640K, reserved 1048576K
}
Event: 7.673 GC heap after
{Heap after GC invocations=32 (full 0):
 garbage-first heap   total 143360K, used 58508K [0x0000000740000000, 0x0000000800000000)
  region size 2048K, 2 young (4096K), 2 survivors (4096K)
 Metaspace       used 60957K, committed 61568K, reserved 1114112K
  class space    used 8339K, committed 8640K, reserved 1048576K
}
Event: 7.694 GC heap before
{Heap before GC invocations=32 (full 0):
 garbage-first heap   total 143360K, used 81036K [0x0000000740000000, 0x0000000800000000)
  region size 2048K, 3 young (6144K), 2 survivors (4096K)
 Metaspace       used 60961K, committed 61568K, reserved 1114112K
  class space    used 8340K, committed 8640K, reserved 1048576K
}
Event: 7.696 GC heap after
{Heap after GC invocations=33 (full 0):
 garbage-first heap   total 280576K, used 58569K [0x0000000740000000, 0x0000000800000000)
  region size 2048K, 2 young (4096K), 2 survivors (4096K)
 Metaspace       used 60961K, committed 61568K, reserved 1114112K
  class space    used 8340K, committed 8640K, reserved 1048576K
}
Event: 8.419 GC heap before
{Heap before GC invocations=33 (full 0):
 garbage-first heap   total 280576K, used 253129K [0x0000000740000000, 0x0000000800000000)
  region size 2048K, 82 young (167936K), 2 survivors (4096K)
 Metaspace       used 64714K, committed 65408K, reserved 1114112K
  class space    used 9030K, committed 9344K, reserved 1048576K
}
Event: 8.456 GC heap after
{Heap after GC invocations=34 (full 0):
 garbage-first heap   total 333824K, used 136310K [0x0000000740000000, 0x0000000800000000)
  region size 2048K, 11 young (22528K), 11 survivors (22528K)
 Metaspace       used 64714K, committed 65408K, reserved 1114112K
  class space    used 9030K, committed 9344K, reserved 1048576K
}
Event: 8.580 GC heap before
{Heap before GC invocations=34 (full 0):
 garbage-first heap   total 333824K, used 222326K [0x0000000740000000, 0x0000000800000000)
  region size 2048K, 53 young (108544K), 11 survivors (22528K)
 Metaspace       used 64836K, committed 65536K, reserved 1114112K
  class space    used 9042K, committed 9344K, reserved 1048576K
}
Event: 8.606 GC heap after
{Heap after GC invocations=35 (full 0):
 garbage-first heap   total 333824K, used 186186K [0x0000000740000000, 0x0000000800000000)
  region size 2048K, 7 young (14336K), 7 survivors (14336K)
 Metaspace       used 64836K, committed 65536K, reserved 1114112K
  class space    used 9042K, committed 9344K, reserved 1048576K
}
Event: 8.617 GC heap before
{Heap before GC invocations=35 (full 0):
 garbage-first heap   total 333824K, used 186186K [0x0000000740000000, 0x0000000800000000)
  region size 2048K, 8 young (16384K), 7 survivors (14336K)
 Metaspace       used 64836K, committed 65536K, reserved 1114112K
  class space    used 9042K, committed 9344K, reserved 1048576K
}
Event: 8.625 GC heap after
{Heap after GC invocations=36 (full 0):
 garbage-first heap   total 333824K, used 195037K [0x0000000740000000, 0x0000000800000000)
  region size 2048K, 2 young (4096K), 2 survivors (4096K)
 Metaspace       used 64836K, committed 65536K, reserved 1114112K
  class space    used 9042K, committed 9344K, reserved 1048576K
}
Event: 9.051 GC heap before
{Heap before GC invocations=37 (full 0):
 garbage-first heap   total 423936K, used 360925K [0x0000000740000000, 0x0000000800000000)
  region size 2048K, 25 young (51200K), 2 survivors (4096K)
 Metaspace       used 65844K, committed 66496K, reserved 1114112K
  class space    used 9165K, committed 9472K, reserved 1048576K
}
Event: 9.056 GC heap after
{Heap after GC invocations=38 (full 0):
 garbage-first heap   total 423936K, used 192877K [0x0000000740000000, 0x0000000800000000)
  region size 2048K, 4 young (8192K), 4 survivors (8192K)
 Metaspace       used 65844K, committed 66496K, reserved 1114112K
  class space    used 9165K, committed 9472K, reserved 1048576K
}
Event: 9.088 GC heap before
{Heap before GC invocations=38 (full 0):
 garbage-first heap   total 423936K, used 205165K [0x0000000740000000, 0x0000000800000000)
  region size 2048K, 10 young (20480K), 4 survivors (8192K)
 Metaspace       used 65846K, committed 66496K, reserved 1114112K
  class space    used 9166K, committed 9472K, reserved 1048576K
}
Event: 9.091 GC heap after
{Heap after GC invocations=39 (full 0):
 garbage-first heap   total 423936K, used 195983K [0x0000000740000000, 0x0000000800000000)
  region size 2048K, 2 young (4096K), 2 survivors (4096K)
 Metaspace       used 65846K, committed 66496K, reserved 1114112K
  class space    used 9166K, committed 9472K, reserved 1048576K
}
Event: 9.392 GC heap before
{Heap before GC invocations=39 (full 0):
 garbage-first heap   total 423936K, used 241039K [0x0000000740000000, 0x0000000800000000)
  region size 2048K, 26 young (53248K), 2 survivors (4096K)
 Metaspace       used 67626K, committed 68352K, reserved 1114112K
  class space    used 9404K, committed 9728K, reserved 1048576K
}
Event: 9.402 GC heap after
{Heap after GC invocations=40 (full 0):
 garbage-first heap   total 847872K, used 205386K [0x0000000740000000, 0x0000000800000000)
  region size 2048K, 7 young (14336K), 7 survivors (14336K)
 Metaspace       used 67626K, committed 68352K, reserved 1114112K
  class space    used 9404K, committed 9728K, reserved 1048576K
}
Event: 201.215 GC heap before
{Heap before GC invocations=40 (full 0):
 garbage-first heap   total 847872K, used 664138K [0x0000000740000000, 0x0000000800000000)
  region size 2048K, 142 young (290816K), 7 survivors (14336K)
 Metaspace       used 77640K, committed 78464K, reserved 1179648K
  class space    used 10499K, committed 10880K, reserved 1048576K
}
Event: 201.229 GC heap after
{Heap after GC invocations=41 (full 0):
 garbage-first heap   total 847872K, used 220930K [0x0000000740000000, 0x0000000800000000)
  region size 2048K, 12 young (24576K), 12 survivors (24576K)
 Metaspace       used 77640K, committed 78464K, reserved 1179648K
  class space    used 10499K, committed 10880K, reserved 1048576K
}
Event: 313.094 GC heap before
{Heap before GC invocations=41 (full 0):
 garbage-first heap   total 847872K, used 646914K [0x0000000740000000, 0x0000000800000000)
  region size 2048K, 133 young (272384K), 12 survivors (24576K)
 Metaspace       used 78514K, committed 79296K, reserved 1179648K
  class space    used 10514K, committed 10880K, reserved 1048576K
}
Event: 313.101 GC heap after
{Heap after GC invocations=42 (full 0):
 garbage-first heap   total 847872K, used 220819K [0x0000000740000000, 0x0000000800000000)
  region size 2048K, 12 young (24576K), 12 survivors (24576K)
 Metaspace       used 78514K, committed 79296K, reserved 1179648K
  class space    used 10514K, committed 10880K, reserved 1048576K
}

